<?xml version="1.0" encoding="utf-8" standalone="no"?>
<test-results xmlns:xsi="http://www.w3.org/2001/XMLSchema-instance" xsi:noNamespaceSchemaLocation="nunit_schema_2.5.xsd" name="Pester" total="16" errors="0" failures="0" not-run="0" inconclusive="0" ignored="0" skipped="0" invalid="0" date="2022-06-23" time="18:25:10">
  <environment clr-version="4.0.30319.42000" user-domain="APPVEYOR-VM" cwd="C:\projects\AzureStackHCIJumpstart" platform="Microsoft Windows Server 2019 Datacenter|C:\Windows|\Device\Harddisk0\Partition4" machine-name="APPVEYOR-VM" nunit-version="2.5.8.0" os-version="10.0.17763" user="appveyor" />
  <culture-info current-culture="en-US" current-uiculture="en-US" />
  <test-suite type="TestFixture" name="Pester" executed="True" result="Success" success="True" time="34.847" asserts="0" description="Pester">
    <results>
      <test-suite type="TestFixture" name="C:\projects\AzureStackHCIJumpstart\tests\build\unit\unit.build.tests.ps1" executed="True" result="Success" success="True" time="34.847" asserts="0" description="C:\projects\AzureStackHCIJumpstart\tests\build\unit\unit.build.tests.ps1">
        <results>
          <test-suite type="TestFixture" name="AzureStackHCIJumpstart-Manifest" executed="True" result="Success" success="True" time="34.6745" asserts="0" description="AzureStackHCIJumpstart-Manifest">
            <results>
              <test-suite type="TestFixture" name="Manifest-Validation" executed="True" result="Success" success="True" time="0.6683" asserts="0" description="Manifest-Validation">
                <results>
                  <test-case description="[Import-PowerShellDataFile] - AzureStackHCIJumpstart.psd1 is a valid PowerShell Data File" name="AzureStackHCIJumpstart-Manifest.Manifest-Validation.[Import-PowerShellDataFile] - AzureStackHCIJumpstart.psd1 is a valid PowerShell Data File" time="0.228" asserts="0" success="True" result="Success" executed="True" />
                  <test-case description="[Test-ModuleManifest] - AzureStackHCIJumpstart.psd1 should not be empty" name="AzureStackHCIJumpstart-Manifest.Manifest-Validation.[Test-ModuleManifest] - AzureStackHCIJumpstart.psd1 should not be empty" time="0.0068" asserts="0" success="True" result="Success" executed="True" />
                </results>
              </test-suite>
              <test-suite type="TestFixture" name="Required Modules" executed="True" result="Success" success="True" time="33.3445" asserts="0" description="Required Modules">
                <results>
                  <test-case description="Should contain the Pester Module" name="AzureStackHCIJumpstart-Manifest.Required Modules.Should contain the Pester Module" time="0.0971" asserts="0" success="True" result="Success" executed="True" />
                  <test-case description="The Pester module should be available in the PowerShell gallery" name="AzureStackHCIJumpstart-Manifest.Required Modules.The Pester module should be available in the PowerShell gallery" time="0.0098" asserts="0" success="True" result="Success" executed="True" />
                  <test-case description="Should contain the NetworkingDsc Module" name="AzureStackHCIJumpstart-Manifest.Required Modules.Should contain the NetworkingDsc Module" time="0.0048" asserts="0" success="True" result="Success" executed="True" />
                  <test-case description="The NetworkingDsc module should be available in the PowerShell gallery" name="AzureStackHCIJumpstart-Manifest.Required Modules.The NetworkingDsc module should be available in the PowerShell gallery" time="0.004" asserts="0" success="True" result="Success" executed="True" />
                  <test-case description="Should contain the xDNSServer Module" name="AzureStackHCIJumpstart-Manifest.Required Modules.Should contain the xDNSServer Module" time="0.0033" asserts="0" success="True" result="Success" executed="True" />
                  <test-case description="The xDNSServer module should be available in the PowerShell gallery" name="AzureStackHCIJumpstart-Manifest.Required Modules.The xDNSServer module should be available in the PowerShell gallery" time="0.0032" asserts="0" success="True" result="Success" executed="True" />
                  <test-case description="Should contain the xDHCPServer Module" name="AzureStackHCIJumpstart-Manifest.Required Modules.Should contain the xDHCPServer Module" time="0.0034" asserts="0" success="True" result="Success" executed="True" />
                  <test-case description="The xDHCPServer module should be available in the PowerShell gallery" name="AzureStackHCIJumpstart-Manifest.Required Modules.The xDHCPServer module should be available in the PowerShell gallery" time="0.0022" asserts="0" success="True" result="Success" executed="True" />
                </results>
              </test-suite>
              <test-suite type="TestFixture" name="ExportedContent" executed="True" result="Success" success="True" time="0.0984" asserts="0" description="ExportedContent">
                <results>
                  <test-case description="Should have the AzureStackHCIJumpstart function available" name="AzureStackHCIJumpstart-Manifest.ExportedContent.Should have the AzureStackHCIJumpstart function available" time="0.0046" asserts="0" success="True" result="Success" executed="True" />
                  <test-case description="Should have the AzureStackHCIJumpstart function available" name="AzureStackHCIJumpstart-Manifest.ExportedContent.Should have the AzureStackHCIJumpstart function available" time="0.0023" asserts="0" success="True" result="Success" executed="True" />
                  <test-case description="Should have the AzureStackHCIJumpstart function available" name="AzureStackHCIJumpstart-Manifest.ExportedContent.Should have the AzureStackHCIJumpstart function available" time="0.002" asserts="0" success="True" result="Success" executed="True" />
                  <test-case description="Should have the AzureStackHCIJumpstart function available" name="AzureStackHCIJumpstart-Manifest.ExportedContent.Should have the AzureStackHCIJumpstart function available" time="0.0077" asserts="0" success="True" result="Success" executed="True" />
                  <test-case description="Should have the AzureStackHCIJumpstart function available" name="AzureStackHCIJumpstart-Manifest.ExportedContent.Should have the AzureStackHCIJumpstart function available" time="0.0033" asserts="0" success="True" result="Success" executed="True" />
                  <test-case description="Should have the AzureStackHCIJumpstart function available" name="AzureStackHCIJumpstart-Manifest.ExportedContent.Should have the AzureStackHCIJumpstart function available" time="0.0033" asserts="0" success="True" result="Success" executed="True" />
                </results>
              </test-suite>
            </results>
          </test-suite>
        </results>
      </test-suite>
    </results>
  </test-suite>
</test-results>